<?xml version="1.0" encoding="UTF-8"?>
<testng-results skipped="1" failed="0" ignored="0" total="1" passed="0">
  <reporter-output>
  </reporter-output>
  <suite name="Default suite" duration-ms="56" started-at="2019-06-04T08:53:22Z" finished-at="2019-06-04T08:53:22Z">
    <groups>
    </groups>
    <test name="Default test" duration-ms="56" started-at="2019-06-04T08:53:22Z" finished-at="2019-06-04T08:53:22Z">
      <class name="core.tests.Scenarios">
        <test-method status="PASS" signature="runOncePerSuite()[pri:0, instance:core.tests.Scenarios@6093dd95]" name="runOncePerSuite" is-config="true" duration-ms="166" started-at="2019-06-04T14:23:22Z" finished-at="2019-06-04T14:23:22Z">
          <reporter-output>
          </reporter-output>
        </test-method> <!-- runOncePerSuite -->
        <test-method status="FAIL" signature="runOncePerContext(org.testng.ITestContext)[pri:0, instance:core.tests.Scenarios@6093dd95]" name="runOncePerContext" is-config="true" duration-ms="7" started-at="2019-06-04T14:23:22Z" finished-at="2019-06-04T14:23:22Z">
          <params>
            <param index="0">
              <value>
                <![CDATA[org.testng.TestRunner@103f852]]>
              </value>
            </param>
          </params>
          <exception class="java.io.FileNotFoundException">
            <message>
              <![CDATA[C:\Users\admin\Downloads\Kaleidofin_verifyKYC\AppachiPlatformRegression\target\test-classes\data\null\testdata.ini (The system cannot find the path specified)]]>
            </message>
            <full-stacktrace>
              <![CDATA[java.io.FileNotFoundException: C:\Users\admin\Downloads\Kaleidofin_verifyKYC\AppachiPlatformRegression\target\test-classes\data\null\testdata.ini (The system cannot find the path specified)at java.io.FileInputStream.open0(Native Method)at java.io.FileInputStream.open(Unknown Source)at java.io.FileInputStream.<init>(Unknown Source)at java.io.FileInputStream.<init>(Unknown Source)at sun.net.www.protocol.file.FileURLConnection.connect(Unknown Source)at sun.net.www.protocol.file.FileURLConnection.getInputStream(Unknown Source)at java.net.URL.openStream(Unknown Source)at org.ini4j.spi.IniSource.<init>(IniSource.java:59)at org.ini4j.spi.AbstractParser.newIniSource(AbstractParser.java:68)at org.ini4j.spi.IniParser.parse(IniParser.java:67)at org.ini4j.Ini.load(Ini.java:119)at org.ini4j.Ini.load(Ini.java:114)at org.ini4j.Ini.load(Ini.java:99)at org.ini4j.Ini.<init>(Ini.java:69)at utils.IniReader.<init>(IniReader.java:15)at central.AppachhiCentral.registerContext(AppachhiCentral.java:71)at core.tests.SupportTest.runOncePerContext(SupportTest.java:52)at sun.reflect.NativeMethodAccessorImpl.invoke0(Native Method)at sun.reflect.NativeMethodAccessorImpl.invoke(Unknown Source)at sun.reflect.DelegatingMethodAccessorImpl.invoke(Unknown Source)at java.lang.reflect.Method.invoke(Unknown Source)at org.testng.internal.MethodInvocationHelper.invokeMethod(MethodInvocationHelper.java:124)at org.testng.internal.MethodInvocationHelper.invokeMethodConsideringTimeout(MethodInvocationHelper.java:59)at org.testng.internal.Invoker.invokeConfigurationMethod(Invoker.java:451)at org.testng.internal.Invoker.invokeConfigurations(Invoker.java:222)at org.testng.internal.Invoker.invokeConfigurations(Invoker.java:142)at org.testng.TestRunner.beforeRun(TestRunner.java:529)at org.testng.TestRunner.run(TestRunner.java:497)at org.testng.SuiteRunner.runTest(SuiteRunner.java:455)at org.testng.SuiteRunner.runSequentially(SuiteRunner.java:450)at org.testng.SuiteRunner.privateRun(SuiteRunner.java:415)at org.testng.SuiteRunner.run(SuiteRunner.java:364)at org.testng.SuiteRunnerWorker.runSuite(SuiteRunnerWorker.java:52)at org.testng.SuiteRunnerWorker.run(SuiteRunnerWorker.java:84)at org.testng.TestNG.runSuitesSequentially(TestNG.java:1187)at org.testng.TestNG.runSuitesLocally(TestNG.java:1116)at org.testng.TestNG.runSuites(TestNG.java:1028)at org.testng.TestNG.run(TestNG.java:996)at org.testng.remote.AbstractRemoteTestNG.run(AbstractRemoteTestNG.java:115)at org.testng.remote.RemoteTestNG.initAndRun(RemoteTestNG.java:251)at org.testng.remote.RemoteTestNG.main(RemoteTestNG.java:77)]]>
            </full-stacktrace>
          </exception> <!-- java.io.FileNotFoundException -->
          <reporter-output>
          </reporter-output>
        </test-method> <!-- runOncePerContext -->
        <test-method status="PASS" signature="runOncePerClass(org.testng.ITestContext)[pri:0, instance:core.tests.Scenarios@6093dd95]" name="runOncePerClass" is-config="true" duration-ms="0" started-at="2019-06-04T14:23:22Z" finished-at="2019-06-04T14:23:22Z">
          <params>
            <param index="0">
              <value>
                <![CDATA[org.testng.TestRunner@103f852]]>
              </value>
            </param>
          </params>
          <reporter-output>
          </reporter-output>
        </test-method> <!-- runOncePerClass -->
        <test-method status="FAIL" signature="runOncePerMethod(org.testng.ITestContext, java.lang.reflect.Method)[pri:0, instance:core.tests.Scenarios@6093dd95]" name="runOncePerMethod" is-config="true" duration-ms="1" started-at="2019-06-04T14:23:22Z" finished-at="2019-06-04T14:23:22Z">
          <params>
            <param index="0">
              <value>
                <![CDATA[org.testng.TestRunner@103f852]]>
              </value>
            </param>
            <param index="1">
              <value>
                <![CDATA[public void core.tests.Scenarios.TC1_verifyTheQuestionnaireandGoalIsCreatedSuccessfullyAndRedirectstoGooglePlay() throws java.lang.Exception]]>
              </value>
            </param>
          </params>
          <exception class="java.lang.NullPointerException">
            <full-stacktrace>
              <![CDATA[java.lang.NullPointerExceptionat central.Configuration.getPlatform(Configuration.java:47)at core.tests.SupportTest.runOncePerMethod(SupportTest.java:66)at sun.reflect.NativeMethodAccessorImpl.invoke0(Native Method)at sun.reflect.NativeMethodAccessorImpl.invoke(Unknown Source)at sun.reflect.DelegatingMethodAccessorImpl.invoke(Unknown Source)at java.lang.reflect.Method.invoke(Unknown Source)at org.testng.internal.MethodInvocationHelper.invokeMethod(MethodInvocationHelper.java:124)at org.testng.internal.MethodInvocationHelper.invokeMethodConsideringTimeout(MethodInvocationHelper.java:59)at org.testng.internal.Invoker.invokeConfigurationMethod(Invoker.java:451)at org.testng.internal.Invoker.invokeConfigurations(Invoker.java:222)at org.testng.internal.Invoker.invokeMethod(Invoker.java:516)at org.testng.internal.Invoker.invokeTestMethod(Invoker.java:707)at org.testng.internal.Invoker.invokeTestMethods(Invoker.java:979)at org.testng.internal.TestMethodWorker.invokeTestMethods(TestMethodWorker.java:125)at org.testng.internal.TestMethodWorker.run(TestMethodWorker.java:109)at org.testng.TestRunner.privateRun(TestRunner.java:648)at org.testng.TestRunner.run(TestRunner.java:505)at org.testng.SuiteRunner.runTest(SuiteRunner.java:455)at org.testng.SuiteRunner.runSequentially(SuiteRunner.java:450)at org.testng.SuiteRunner.privateRun(SuiteRunner.java:415)at org.testng.SuiteRunner.run(SuiteRunner.java:364)at org.testng.SuiteRunnerWorker.runSuite(SuiteRunnerWorker.java:52)at org.testng.SuiteRunnerWorker.run(SuiteRunnerWorker.java:84)at org.testng.TestNG.runSuitesSequentially(TestNG.java:1187)at org.testng.TestNG.runSuitesLocally(TestNG.java:1116)at org.testng.TestNG.runSuites(TestNG.java:1028)at org.testng.TestNG.run(TestNG.java:996)at org.testng.remote.AbstractRemoteTestNG.run(AbstractRemoteTestNG.java:115)at org.testng.remote.RemoteTestNG.initAndRun(RemoteTestNG.java:251)at org.testng.remote.RemoteTestNG.main(RemoteTestNG.java:77)]]>
            </full-stacktrace>
          </exception> <!-- java.lang.NullPointerException -->
          <reporter-output>
          </reporter-output>
        </test-method> <!-- runOncePerMethod -->
        <test-method status="SKIP" signature="TC1_verifyTheQuestionnaireandGoalIsCreatedSuccessfullyAndRedirectstoGooglePlay()[pri:0, instance:core.tests.Scenarios@6093dd95]" name="TC1_verifyTheQuestionnaireandGoalIsCreatedSuccessfullyAndRedirectstoGooglePlay" duration-ms="0" started-at="2019-06-04T14:23:22Z" finished-at="2019-06-04T14:23:22Z">
          <exception class="java.io.FileNotFoundException">
            <message>
              <![CDATA[C:\Users\admin\Downloads\Kaleidofin_verifyKYC\AppachiPlatformRegression\target\test-classes\data\null\testdata.ini (The system cannot find the path specified)]]>
            </message>
            <full-stacktrace>
              <![CDATA[java.io.FileNotFoundException: C:\Users\admin\Downloads\Kaleidofin_verifyKYC\AppachiPlatformRegression\target\test-classes\data\null\testdata.ini (The system cannot find the path specified)at java.io.FileInputStream.open0(Native Method)at java.io.FileInputStream.open(Unknown Source)at java.io.FileInputStream.<init>(Unknown Source)at java.io.FileInputStream.<init>(Unknown Source)at sun.net.www.protocol.file.FileURLConnection.connect(Unknown Source)at sun.net.www.protocol.file.FileURLConnection.getInputStream(Unknown Source)at java.net.URL.openStream(Unknown Source)at org.ini4j.spi.IniSource.<init>(IniSource.java:59)at org.ini4j.spi.AbstractParser.newIniSource(AbstractParser.java:68)at org.ini4j.spi.IniParser.parse(IniParser.java:67)at org.ini4j.Ini.load(Ini.java:119)at org.ini4j.Ini.load(Ini.java:114)at org.ini4j.Ini.load(Ini.java:99)at org.ini4j.Ini.<init>(Ini.java:69)at utils.IniReader.<init>(IniReader.java:15)at central.AppachhiCentral.registerContext(AppachhiCentral.java:71)at core.tests.SupportTest.runOncePerContext(SupportTest.java:52)at sun.reflect.NativeMethodAccessorImpl.invoke0(Native Method)at sun.reflect.NativeMethodAccessorImpl.invoke(Unknown Source)at sun.reflect.DelegatingMethodAccessorImpl.invoke(Unknown Source)at java.lang.reflect.Method.invoke(Unknown Source)at org.testng.internal.MethodInvocationHelper.invokeMethod(MethodInvocationHelper.java:124)at org.testng.internal.MethodInvocationHelper.invokeMethodConsideringTimeout(MethodInvocationHelper.java:59)at org.testng.internal.Invoker.invokeConfigurationMethod(Invoker.java:451)at org.testng.internal.Invoker.invokeConfigurations(Invoker.java:222)at org.testng.internal.Invoker.invokeConfigurations(Invoker.java:142)at org.testng.TestRunner.beforeRun(TestRunner.java:529)at org.testng.TestRunner.run(TestRunner.java:497)at org.testng.SuiteRunner.runTest(SuiteRunner.java:455)at org.testng.SuiteRunner.runSequentially(SuiteRunner.java:450)at org.testng.SuiteRunner.privateRun(SuiteRunner.java:415)at org.testng.SuiteRunner.run(SuiteRunner.java:364)at org.testng.SuiteRunnerWorker.runSuite(SuiteRunnerWorker.java:52)at org.testng.SuiteRunnerWorker.run(SuiteRunnerWorker.java:84)at org.testng.TestNG.runSuitesSequentially(TestNG.java:1187)at org.testng.TestNG.runSuitesLocally(TestNG.java:1116)at org.testng.TestNG.runSuites(TestNG.java:1028)at org.testng.TestNG.run(TestNG.java:996)at org.testng.remote.AbstractRemoteTestNG.run(AbstractRemoteTestNG.java:115)at org.testng.remote.RemoteTestNG.initAndRun(RemoteTestNG.java:251)at org.testng.remote.RemoteTestNG.main(RemoteTestNG.java:77)]]>
            </full-stacktrace>
          </exception> <!-- java.io.FileNotFoundException -->
          <reporter-output>
          </reporter-output>
        </test-method> <!-- TC1_verifyTheQuestionnaireandGoalIsCreatedSuccessfullyAndRedirectstoGooglePlay -->
        <test-method status="FAIL" signature="tearDown(org.testng.ITestResult)[pri:0, instance:core.tests.Scenarios@6093dd95]" name="tearDown" is-config="true" duration-ms="4" started-at="2019-06-04T14:23:22Z" finished-at="2019-06-04T14:23:22Z">
          <params>
            <param index="0">
              <value>
                <![CDATA[[TestResult name={null} status=CREATED method=Scenarios.TC1_verifyTheQuestionnaireandGoalIsCreatedSuccessfullyAndRedirectstoGooglePlay()[pri:0, instance:core.tests.Scenarios@6093dd95] output={null}]]]>
              </value>
            </param>
          </params>
          <exception class="java.lang.NullPointerException">
            <full-stacktrace>
              <![CDATA[java.lang.NullPointerExceptionat core.tests.SupportTest.tearDown(SupportTest.java:86)at sun.reflect.NativeMethodAccessorImpl.invoke0(Native Method)at sun.reflect.NativeMethodAccessorImpl.invoke(Unknown Source)at sun.reflect.DelegatingMethodAccessorImpl.invoke(Unknown Source)at java.lang.reflect.Method.invoke(Unknown Source)at org.testng.internal.MethodInvocationHelper.invokeMethod(MethodInvocationHelper.java:124)at org.testng.internal.MethodInvocationHelper.invokeMethodConsideringTimeout(MethodInvocationHelper.java:59)at org.testng.internal.Invoker.invokeConfigurationMethod(Invoker.java:451)at org.testng.internal.Invoker.invokeConfigurations(Invoker.java:222)at org.testng.internal.Invoker.invokeMethod(Invoker.java:529)at org.testng.internal.Invoker.invokeTestMethod(Invoker.java:707)at org.testng.internal.Invoker.invokeTestMethods(Invoker.java:979)at org.testng.internal.TestMethodWorker.invokeTestMethods(TestMethodWorker.java:125)at org.testng.internal.TestMethodWorker.run(TestMethodWorker.java:109)at org.testng.TestRunner.privateRun(TestRunner.java:648)at org.testng.TestRunner.run(TestRunner.java:505)at org.testng.SuiteRunner.runTest(SuiteRunner.java:455)at org.testng.SuiteRunner.runSequentially(SuiteRunner.java:450)at org.testng.SuiteRunner.privateRun(SuiteRunner.java:415)at org.testng.SuiteRunner.run(SuiteRunner.java:364)at org.testng.SuiteRunnerWorker.runSuite(SuiteRunnerWorker.java:52)at org.testng.SuiteRunnerWorker.run(SuiteRunnerWorker.java:84)at org.testng.TestNG.runSuitesSequentially(TestNG.java:1187)at org.testng.TestNG.runSuitesLocally(TestNG.java:1116)at org.testng.TestNG.runSuites(TestNG.java:1028)at org.testng.TestNG.run(TestNG.java:996)at org.testng.remote.AbstractRemoteTestNG.run(AbstractRemoteTestNG.java:115)at org.testng.remote.RemoteTestNG.initAndRun(RemoteTestNG.java:251)at org.testng.remote.RemoteTestNG.main(RemoteTestNG.java:77)]]>
            </full-stacktrace>
          </exception> <!-- java.lang.NullPointerException -->
          <reporter-output>
          </reporter-output>
        </test-method> <!-- tearDown -->
      </class> <!-- core.tests.Scenarios -->
    </test> <!-- Default test -->
  </suite> <!-- Default suite -->
</testng-results>
